

Microchip MPLAB XC8 Assembler V3.00 build 20241204225717 
                                                                                               Mon Apr 07 19:00:04 2025

Microchip MPLAB XC8 C Compiler v3.00 (Free license) build 20241204225717 Og1 
     1                           	processor	18F4550
     2                           	fnconf	rparam,??,?,0
     3                           	pagewidth 120
     4                           	opt	flic
     5                           	psect	cinit,global,reloc=2,class=CODE,space=0,delta=1
     6                           	psect	bssBANK0,global,class=BANK0,space=1,delta=1,lowdata,noexec
     7                           	psect	cstackCOMRAM,global,class=COMRAM,space=1,delta=1,lowdata,noexec
     8                           	psect	text0,global,reloc=2,class=CODE,space=0,delta=1
     9                           	psect	text1,global,reloc=2,class=CODE,space=0,delta=1
    10                           	psect	text2,global,reloc=2,class=CODE,space=0,delta=1
    11                           	psect	text3,global,reloc=2,class=CODE,space=0,delta=1
    12                           	psect	text4,global,reloc=2,class=CODE,space=0,delta=1
    13                           	psect	smallconst,global,reloc=2,class=SMALLCONST,space=0,delta=1,noexec
    14                           	psect	intsave_regs,global,class=BIGRAM,space=1,delta=1,noexec
    15                           	psect	rparam,global,class=COMRAM,space=1,delta=1,noexec
    16   000000                     
    17                           ; Generated 17/01/2025 GMT
    18                           ; 
    19                           ; Copyright © 2025, Microchip Technology Inc. and its subsidiaries ("Microchip")
    20                           ; All rights reserved.
    21                           ; 
    22                           ; This software is developed by Microchip Technology Inc. and its subsidiaries ("Microch
      +                          ip").
    23                           ; 
    24                           ; Redistribution and use in source and binary forms, with or without modification, are
    25                           ; permitted provided that the following conditions are met:
    26                           ; 
    27                           ;     1. Redistributions of source code must retain the above copyright notice, this lis
      +                          t of
    28                           ;        conditions and the following disclaimer.
    29                           ; 
    30                           ;     2. Redistributions in binary form must reproduce the above copyright notice, this 
      +                          list
    31                           ;        of conditions and the following disclaimer in the documentation and/or other
    32                           ;        materials provided with the distribution. Publication is not required when
    33                           ;        this file is used in an embedded application.
    34                           ; 
    35                           ;     3. Microchip's name may not be used to endorse or promote products derived from th
      +                          is
    36                           ;        software without specific prior written permission.
    37                           ; 
    38                           ; THIS SOFTWARE IS PROVIDED BY MICROCHIP "AS IS" AND ANY EXPRESS OR IMPLIED WARRANTIES,
    39                           ; INCLUDING, BUT NOT LIMITED TO, THE IMPLIED WARRANTIES OF MERCHANTABILITY AND FITNESS F
      +                          OR
    40                           ; PURPOSE ARE DISCLAIMED.  IN NO EVENT SHALL MICROCHIP BE LIABLE FOR ANY DIRECT, INDIREC
      +                          T,
    41                           ; INCIDENTAL, SPECIAL, EXEMPLARY, OR CONSEQUENTIAL DAMAGES (INCLUDING BUT NOT LIMITED TO
    42                           ; PROCUREMENT OF SUBSTITUTE GOODS OR SERVICES; LOSS OF USE, DATA OR PROFITS; OR BUSINESS
    43                           ; INTERRUPTION) HOWSOEVER CAUSED AND ON ANY THEORY OF LIABILITY, WHETHER IN CONTRACT, ST
      +                          RICT
    44                           ; LIABILITY, OR TORT (INCLUDING NEGLIGENCE OR OTHERWISE) ARISING IN ANY WAY OUT OF THE U
      +                          SE OF
    45                           ; THIS SOFTWARE, EVEN IF ADVISED OF THE POSSIBILITY OF SUCH DAMAGE.
    46                           ; 
    47                           ; 
    48                           ; Code-generator required, PIC18F4550 Definitions
    49                           ; 
    50                           ; SFR Addresses
    51   000FE0                     bsr             equ	4064
    52   000FE9                     fsr0            equ	4073
    53   000FEA                     fsr0h           equ	4074
    54   000FE9                     fsr0l           equ	4073
    55   000FE1                     fsr1            equ	4065
    56   000FE2                     fsr1h           equ	4066
    57   000FE1                     fsr1l           equ	4065
    58   000FD9                     fsr2            equ	4057
    59   000FDA                     fsr2h           equ	4058
    60   000FD9                     fsr2l           equ	4057
    61   000FEF                     indf0           equ	4079
    62   000FE7                     indf1           equ	4071
    63   000FDF                     indf2           equ	4063
    64   000FF2                     intcon          equ	4082
    65   000000                     nvmcon          equ	0
    66   000FF9                     pcl             equ	4089
    67   000FFA                     pclath          equ	4090
    68   000FFB                     pclatu          equ	4091
    69   000FEB                     plusw0          equ	4075
    70   000FE3                     plusw1          equ	4067
    71   000FDB                     plusw2          equ	4059
    72   000FED                     postdec0        equ	4077
    73   000FE5                     postdec1        equ	4069
    74   000FDD                     postdec2        equ	4061
    75   000FEE                     postinc0        equ	4078
    76   000FE6                     postinc1        equ	4070
    77   000FDE                     postinc2        equ	4062
    78   000FEC                     preinc0         equ	4076
    79   000FE4                     preinc1         equ	4068
    80   000FDC                     preinc2         equ	4060
    81   000FF3                     prod            equ	4083
    82   000FF4                     prodh           equ	4084
    83   000FF3                     prodl           equ	4083
    84   000FD8                     status          equ	4056
    85   000FF5                     tablat          equ	4085
    86   000FF6                     tblptr          equ	4086
    87   000FF7                     tblptrh         equ	4087
    88   000FF6                     tblptrl         equ	4086
    89   000FF8                     tblptru         equ	4088
    90   000FFD                     tosl            equ	4093
    91   000FE8                     wreg            equ	4072
    92   000F62                     SPPDATA         equ	3938	;# 
    93   000F63                     SPPCFG          equ	3939	;# 
    94   000F64                     SPPEPS          equ	3940	;# 
    95   000F65                     SPPCON          equ	3941	;# 
    96   000F66                     UFRM            equ	3942	;# 
    97   000F66                     UFRML           equ	3942	;# 
    98   000F67                     UFRMH           equ	3943	;# 
    99   000F68                     UIR             equ	3944	;# 
   100   000F69                     UIE             equ	3945	;# 
   101   000F6A                     UEIR            equ	3946	;# 
   102   000F6B                     UEIE            equ	3947	;# 
   103   000F6C                     USTAT           equ	3948	;# 
   104   000F6D                     UCON            equ	3949	;# 
   105   000F6E                     UADDR           equ	3950	;# 
   106   000F6F                     UCFG            equ	3951	;# 
   107   000F70                     UEP0            equ	3952	;# 
   108   000F71                     UEP1            equ	3953	;# 
   109   000F72                     UEP2            equ	3954	;# 
   110   000F73                     UEP3            equ	3955	;# 
   111   000F74                     UEP4            equ	3956	;# 
   112   000F75                     UEP5            equ	3957	;# 
   113   000F76                     UEP6            equ	3958	;# 
   114   000F77                     UEP7            equ	3959	;# 
   115   000F78                     UEP8            equ	3960	;# 
   116   000F79                     UEP9            equ	3961	;# 
   117   000F7A                     UEP10           equ	3962	;# 
   118   000F7B                     UEP11           equ	3963	;# 
   119   000F7C                     UEP12           equ	3964	;# 
   120   000F7D                     UEP13           equ	3965	;# 
   121   000F7E                     UEP14           equ	3966	;# 
   122   000F7F                     UEP15           equ	3967	;# 
   123   000F80                     PORTA           equ	3968	;# 
   124   000F81                     PORTB           equ	3969	;# 
   125   000F82                     PORTC           equ	3970	;# 
   126   000F83                     PORTD           equ	3971	;# 
   127   000F84                     PORTE           equ	3972	;# 
   128   000F89                     LATA            equ	3977	;# 
   129   000F8A                     LATB            equ	3978	;# 
   130   000F8B                     LATC            equ	3979	;# 
   131   000F8C                     LATD            equ	3980	;# 
   132   000F8D                     LATE            equ	3981	;# 
   133   000F92                     TRISA           equ	3986	;# 
   134   000F92                     DDRA            equ	3986	;# 
   135   000F93                     TRISB           equ	3987	;# 
   136   000F93                     DDRB            equ	3987	;# 
   137   000F94                     TRISC           equ	3988	;# 
   138   000F94                     DDRC            equ	3988	;# 
   139   000F95                     TRISD           equ	3989	;# 
   140   000F95                     DDRD            equ	3989	;# 
   141   000F96                     TRISE           equ	3990	;# 
   142   000F96                     DDRE            equ	3990	;# 
   143   000F9B                     OSCTUNE         equ	3995	;# 
   144   000F9D                     PIE1            equ	3997	;# 
   145   000F9E                     PIR1            equ	3998	;# 
   146   000F9F                     IPR1            equ	3999	;# 
   147   000FA0                     PIE2            equ	4000	;# 
   148   000FA1                     PIR2            equ	4001	;# 
   149   000FA2                     IPR2            equ	4002	;# 
   150   000FA6                     EECON1          equ	4006	;# 
   151   000FA7                     EECON2          equ	4007	;# 
   152   000FA8                     EEDATA          equ	4008	;# 
   153   000FA9                     EEADR           equ	4009	;# 
   154   000FAB                     RCSTA           equ	4011	;# 
   155   000FAB                     RCSTA1          equ	4011	;# 
   156   000FAC                     TXSTA           equ	4012	;# 
   157   000FAC                     TXSTA1          equ	4012	;# 
   158   000FAD                     TXREG           equ	4013	;# 
   159   000FAD                     TXREG1          equ	4013	;# 
   160   000FAE                     RCREG           equ	4014	;# 
   161   000FAE                     RCREG1          equ	4014	;# 
   162   000FAF                     SPBRG           equ	4015	;# 
   163   000FAF                     SPBRG1          equ	4015	;# 
   164   000FB0                     SPBRGH          equ	4016	;# 
   165   000FB1                     T3CON           equ	4017	;# 
   166   000FB2                     TMR3            equ	4018	;# 
   167   000FB2                     TMR3L           equ	4018	;# 
   168   000FB3                     TMR3H           equ	4019	;# 
   169   000FB4                     CMCON           equ	4020	;# 
   170   000FB5                     CVRCON          equ	4021	;# 
   171   000FB6                     ECCP1AS         equ	4022	;# 
   172   000FB6                     CCP1AS          equ	4022	;# 
   173   000FB7                     ECCP1DEL        equ	4023	;# 
   174   000FB7                     CCP1DEL         equ	4023	;# 
   175   000FB8                     BAUDCON         equ	4024	;# 
   176   000FB8                     BAUDCTL         equ	4024	;# 
   177   000FBA                     CCP2CON         equ	4026	;# 
   178   000FBB                     CCPR2           equ	4027	;# 
   179   000FBB                     CCPR2L          equ	4027	;# 
   180   000FBC                     CCPR2H          equ	4028	;# 
   181   000FBD                     CCP1CON         equ	4029	;# 
   182   000FBD                     ECCP1CON        equ	4029	;# 
   183   000FBE                     CCPR1           equ	4030	;# 
   184   000FBE                     CCPR1L          equ	4030	;# 
   185   000FBF                     CCPR1H          equ	4031	;# 
   186   000FC0                     ADCON2          equ	4032	;# 
   187   000FC1                     ADCON1          equ	4033	;# 
   188   000FC2                     ADCON0          equ	4034	;# 
   189   000FC3                     ADRES           equ	4035	;# 
   190   000FC3                     ADRESL          equ	4035	;# 
   191   000FC4                     ADRESH          equ	4036	;# 
   192   000FC5                     SSPCON2         equ	4037	;# 
   193   000FC6                     SSPCON1         equ	4038	;# 
   194   000FC7                     SSPSTAT         equ	4039	;# 
   195   000FC8                     SSPADD          equ	4040	;# 
   196   000FC9                     SSPBUF          equ	4041	;# 
   197   000FCA                     T2CON           equ	4042	;# 
   198   000FCB                     PR2             equ	4043	;# 
   199   000FCB                     MEMCON          equ	4043	;# 
   200   000FCC                     TMR2            equ	4044	;# 
   201   000FCD                     T1CON           equ	4045	;# 
   202   000FCE                     TMR1            equ	4046	;# 
   203   000FCE                     TMR1L           equ	4046	;# 
   204   000FCF                     TMR1H           equ	4047	;# 
   205   000FD0                     RCON            equ	4048	;# 
   206   000FD1                     WDTCON          equ	4049	;# 
   207   000FD2                     HLVDCON         equ	4050	;# 
   208   000FD2                     LVDCON          equ	4050	;# 
   209   000FD3                     OSCCON          equ	4051	;# 
   210   000FD5                     T0CON           equ	4053	;# 
   211   000FD6                     TMR0            equ	4054	;# 
   212   000FD6                     TMR0L           equ	4054	;# 
   213   000FD7                     TMR0H           equ	4055	;# 
   214   000FD8                     STATUS          equ	4056	;# 
   215   000FD9                     FSR2            equ	4057	;# 
   216   000FD9                     FSR2L           equ	4057	;# 
   217   000FDA                     FSR2H           equ	4058	;# 
   218   000FDB                     PLUSW2          equ	4059	;# 
   219   000FDC                     PREINC2         equ	4060	;# 
   220   000FDD                     POSTDEC2        equ	4061	;# 
   221   000FDE                     POSTINC2        equ	4062	;# 
   222   000FDF                     INDF2           equ	4063	;# 
   223   000FE0                     BSR             equ	4064	;# 
   224   000FE1                     FSR1            equ	4065	;# 
   225   000FE1                     FSR1L           equ	4065	;# 
   226   000FE2                     FSR1H           equ	4066	;# 
   227   000FE3                     PLUSW1          equ	4067	;# 
   228   000FE4                     PREINC1         equ	4068	;# 
   229   000FE5                     POSTDEC1        equ	4069	;# 
   230   000FE6                     POSTINC1        equ	4070	;# 
   231   000FE7                     INDF1           equ	4071	;# 
   232   000FE8                     WREG            equ	4072	;# 
   233   000FE9                     FSR0            equ	4073	;# 
   234   000FE9                     FSR0L           equ	4073	;# 
   235   000FEA                     FSR0H           equ	4074	;# 
   236   000FEB                     PLUSW0          equ	4075	;# 
   237   000FEC                     PREINC0         equ	4076	;# 
   238   000FED                     POSTDEC0        equ	4077	;# 
   239   000FEE                     POSTINC0        equ	4078	;# 
   240   000FEF                     INDF0           equ	4079	;# 
   241   000FF0                     INTCON3         equ	4080	;# 
   242   000FF1                     INTCON2         equ	4081	;# 
   243   000FF2                     INTCON          equ	4082	;# 
   244   000FF3                     PROD            equ	4083	;# 
   245   000FF3                     PRODL           equ	4083	;# 
   246   000FF4                     PRODH           equ	4084	;# 
   247   000FF5                     TABLAT          equ	4085	;# 
   248   000FF6                     TBLPTR          equ	4086	;# 
   249   000FF6                     TBLPTRL         equ	4086	;# 
   250   000FF7                     TBLPTRH         equ	4087	;# 
   251   000FF8                     TBLPTRU         equ	4088	;# 
   252   000FF9                     PCLAT           equ	4089	;# 
   253   000FF9                     PC              equ	4089	;# 
   254   000FF9                     PCL             equ	4089	;# 
   255   000FFA                     PCLATH          equ	4090	;# 
   256   000FFB                     PCLATU          equ	4091	;# 
   257   000FFC                     STKPTR          equ	4092	;# 
   258   000FFD                     TOS             equ	4093	;# 
   259   000FFD                     TOSL            equ	4093	;# 
   260   000FFE                     TOSH            equ	4094	;# 
   261   000FFF                     TOSU            equ	4095	;# 
   262   000F62                     SPPDATA         equ	3938	;# 
   263   000F63                     SPPCFG          equ	3939	;# 
   264   000F64                     SPPEPS          equ	3940	;# 
   265   000F65                     SPPCON          equ	3941	;# 
   266   000F66                     UFRM            equ	3942	;# 
   267   000F66                     UFRML           equ	3942	;# 
   268   000F67                     UFRMH           equ	3943	;# 
   269   000F68                     UIR             equ	3944	;# 
   270   000F69                     UIE             equ	3945	;# 
   271   000F6A                     UEIR            equ	3946	;# 
   272   000F6B                     UEIE            equ	3947	;# 
   273   000F6C                     USTAT           equ	3948	;# 
   274   000F6D                     UCON            equ	3949	;# 
   275   000F6E                     UADDR           equ	3950	;# 
   276   000F6F                     UCFG            equ	3951	;# 
   277   000F70                     UEP0            equ	3952	;# 
   278   000F71                     UEP1            equ	3953	;# 
   279   000F72                     UEP2            equ	3954	;# 
   280   000F73                     UEP3            equ	3955	;# 
   281   000F74                     UEP4            equ	3956	;# 
   282   000F75                     UEP5            equ	3957	;# 
   283   000F76                     UEP6            equ	3958	;# 
   284   000F77                     UEP7            equ	3959	;# 
   285   000F78                     UEP8            equ	3960	;# 
   286   000F79                     UEP9            equ	3961	;# 
   287   000F7A                     UEP10           equ	3962	;# 
   288   000F7B                     UEP11           equ	3963	;# 
   289   000F7C                     UEP12           equ	3964	;# 
   290   000F7D                     UEP13           equ	3965	;# 
   291   000F7E                     UEP14           equ	3966	;# 
   292   000F7F                     UEP15           equ	3967	;# 
   293   000F80                     PORTA           equ	3968	;# 
   294   000F81                     PORTB           equ	3969	;# 
   295   000F82                     PORTC           equ	3970	;# 
   296   000F83                     PORTD           equ	3971	;# 
   297   000F84                     PORTE           equ	3972	;# 
   298   000F89                     LATA            equ	3977	;# 
   299   000F8A                     LATB            equ	3978	;# 
   300   000F8B                     LATC            equ	3979	;# 
   301   000F8C                     LATD            equ	3980	;# 
   302   000F8D                     LATE            equ	3981	;# 
   303   000F92                     TRISA           equ	3986	;# 
   304   000F92                     DDRA            equ	3986	;# 
   305   000F93                     TRISB           equ	3987	;# 
   306   000F93                     DDRB            equ	3987	;# 
   307   000F94                     TRISC           equ	3988	;# 
   308   000F94                     DDRC            equ	3988	;# 
   309   000F95                     TRISD           equ	3989	;# 
   310   000F95                     DDRD            equ	3989	;# 
   311   000F96                     TRISE           equ	3990	;# 
   312   000F96                     DDRE            equ	3990	;# 
   313   000F9B                     OSCTUNE         equ	3995	;# 
   314   000F9D                     PIE1            equ	3997	;# 
   315   000F9E                     PIR1            equ	3998	;# 
   316   000F9F                     IPR1            equ	3999	;# 
   317   000FA0                     PIE2            equ	4000	;# 
   318   000FA1                     PIR2            equ	4001	;# 
   319   000FA2                     IPR2            equ	4002	;# 
   320   000FA6                     EECON1          equ	4006	;# 
   321   000FA7                     EECON2          equ	4007	;# 
   322   000FA8                     EEDATA          equ	4008	;# 
   323   000FA9                     EEADR           equ	4009	;# 
   324   000FAB                     RCSTA           equ	4011	;# 
   325   000FAB                     RCSTA1          equ	4011	;# 
   326   000FAC                     TXSTA           equ	4012	;# 
   327   000FAC                     TXSTA1          equ	4012	;# 
   328   000FAD                     TXREG           equ	4013	;# 
   329   000FAD                     TXREG1          equ	4013	;# 
   330   000FAE                     RCREG           equ	4014	;# 
   331   000FAE                     RCREG1          equ	4014	;# 
   332   000FAF                     SPBRG           equ	4015	;# 
   333   000FAF                     SPBRG1          equ	4015	;# 
   334   000FB0                     SPBRGH          equ	4016	;# 
   335   000FB1                     T3CON           equ	4017	;# 
   336   000FB2                     TMR3            equ	4018	;# 
   337   000FB2                     TMR3L           equ	4018	;# 
   338   000FB3                     TMR3H           equ	4019	;# 
   339   000FB4                     CMCON           equ	4020	;# 
   340   000FB5                     CVRCON          equ	4021	;# 
   341   000FB6                     ECCP1AS         equ	4022	;# 
   342   000FB6                     CCP1AS          equ	4022	;# 
   343   000FB7                     ECCP1DEL        equ	4023	;# 
   344   000FB7                     CCP1DEL         equ	4023	;# 
   345   000FB8                     BAUDCON         equ	4024	;# 
   346   000FB8                     BAUDCTL         equ	4024	;# 
   347   000FBA                     CCP2CON         equ	4026	;# 
   348   000FBB                     CCPR2           equ	4027	;# 
   349   000FBB                     CCPR2L          equ	4027	;# 
   350   000FBC                     CCPR2H          equ	4028	;# 
   351   000FBD                     CCP1CON         equ	4029	;# 
   352   000FBD                     ECCP1CON        equ	4029	;# 
   353   000FBE                     CCPR1           equ	4030	;# 
   354   000FBE                     CCPR1L          equ	4030	;# 
   355   000FBF                     CCPR1H          equ	4031	;# 
   356   000FC0                     ADCON2          equ	4032	;# 
   357   000FC1                     ADCON1          equ	4033	;# 
   358   000FC2                     ADCON0          equ	4034	;# 
   359   000FC3                     ADRES           equ	4035	;# 
   360   000FC3                     ADRESL          equ	4035	;# 
   361   000FC4                     ADRESH          equ	4036	;# 
   362   000FC5                     SSPCON2         equ	4037	;# 
   363   000FC6                     SSPCON1         equ	4038	;# 
   364   000FC7                     SSPSTAT         equ	4039	;# 
   365   000FC8                     SSPADD          equ	4040	;# 
   366   000FC9                     SSPBUF          equ	4041	;# 
   367   000FCA                     T2CON           equ	4042	;# 
   368   000FCB                     PR2             equ	4043	;# 
   369   000FCB                     MEMCON          equ	4043	;# 
   370   000FCC                     TMR2            equ	4044	;# 
   371   000FCD                     T1CON           equ	4045	;# 
   372   000FCE                     TMR1            equ	4046	;# 
   373   000FCE                     TMR1L           equ	4046	;# 
   374   000FCF                     TMR1H           equ	4047	;# 
   375   000FD0                     RCON            equ	4048	;# 
   376   000FD1                     WDTCON          equ	4049	;# 
   377   000FD2                     HLVDCON         equ	4050	;# 
   378   000FD2                     LVDCON          equ	4050	;# 
   379   000FD3                     OSCCON          equ	4051	;# 
   380   000FD5                     T0CON           equ	4053	;# 
   381   000FD6                     TMR0            equ	4054	;# 
   382   000FD6                     TMR0L           equ	4054	;# 
   383   000FD7                     TMR0H           equ	4055	;# 
   384   000FD8                     STATUS          equ	4056	;# 
   385   000FD9                     FSR2            equ	4057	;# 
   386   000FD9                     FSR2L           equ	4057	;# 
   387   000FDA                     FSR2H           equ	4058	;# 
   388   000FDB                     PLUSW2          equ	4059	;# 
   389   000FDC                     PREINC2         equ	4060	;# 
   390   000FDD                     POSTDEC2        equ	4061	;# 
   391   000FDE                     POSTINC2        equ	4062	;# 
   392   000FDF                     INDF2           equ	4063	;# 
   393   000FE0                     BSR             equ	4064	;# 
   394   000FE1                     FSR1            equ	4065	;# 
   395   000FE1                     FSR1L           equ	4065	;# 
   396   000FE2                     FSR1H           equ	4066	;# 
   397   000FE3                     PLUSW1          equ	4067	;# 
   398   000FE4                     PREINC1         equ	4068	;# 
   399   000FE5                     POSTDEC1        equ	4069	;# 
   400   000FE6                     POSTINC1        equ	4070	;# 
   401   000FE7                     INDF1           equ	4071	;# 
   402   000FE8                     WREG            equ	4072	;# 
   403   000FE9                     FSR0            equ	4073	;# 
   404   000FE9                     FSR0L           equ	4073	;# 
   405   000FEA                     FSR0H           equ	4074	;# 
   406   000FEB                     PLUSW0          equ	4075	;# 
   407   000FEC                     PREINC0         equ	4076	;# 
   408   000FED                     POSTDEC0        equ	4077	;# 
   409   000FEE                     POSTINC0        equ	4078	;# 
   410   000FEF                     INDF0           equ	4079	;# 
   411   000FF0                     INTCON3         equ	4080	;# 
   412   000FF1                     INTCON2         equ	4081	;# 
   413   000FF2                     INTCON          equ	4082	;# 
   414   000FF3                     PROD            equ	4083	;# 
   415   000FF3                     PRODL           equ	4083	;# 
   416   000FF4                     PRODH           equ	4084	;# 
   417   000FF5                     TABLAT          equ	4085	;# 
   418   000FF6                     TBLPTR          equ	4086	;# 
   419   000FF6                     TBLPTRL         equ	4086	;# 
   420   000FF7                     TBLPTRH         equ	4087	;# 
   421   000FF8                     TBLPTRU         equ	4088	;# 
   422   000FF9                     PCLAT           equ	4089	;# 
   423   000FF9                     PC              equ	4089	;# 
   424   000FF9                     PCL             equ	4089	;# 
   425   000FFA                     PCLATH          equ	4090	;# 
   426   000FFB                     PCLATU          equ	4091	;# 
   427   000FFC                     STKPTR          equ	4092	;# 
   428   000FFD                     TOS             equ	4093	;# 
   429   000FFD                     TOSL            equ	4093	;# 
   430   000FFE                     TOSH            equ	4094	;# 
   431   000FFF                     TOSU            equ	4095	;# 
   432   000F62                     SPPDATA         equ	3938	;# 
   433   000F63                     SPPCFG          equ	3939	;# 
   434   000F64                     SPPEPS          equ	3940	;# 
   435   000F65                     SPPCON          equ	3941	;# 
   436   000F66                     UFRM            equ	3942	;# 
   437   000F66                     UFRML           equ	3942	;# 
   438   000F67                     UFRMH           equ	3943	;# 
   439   000F68                     UIR             equ	3944	;# 
   440   000F69                     UIE             equ	3945	;# 
   441   000F6A                     UEIR            equ	3946	;# 
   442   000F6B                     UEIE            equ	3947	;# 
   443   000F6C                     USTAT           equ	3948	;# 
   444   000F6D                     UCON            equ	3949	;# 
   445   000F6E                     UADDR           equ	3950	;# 
   446   000F6F                     UCFG            equ	3951	;# 
   447   000F70                     UEP0            equ	3952	;# 
   448   000F71                     UEP1            equ	3953	;# 
   449   000F72                     UEP2            equ	3954	;# 
   450   000F73                     UEP3            equ	3955	;# 
   451   000F74                     UEP4            equ	3956	;# 
   452   000F75                     UEP5            equ	3957	;# 
   453   000F76                     UEP6            equ	3958	;# 
   454   000F77                     UEP7            equ	3959	;# 
   455   000F78                     UEP8            equ	3960	;# 
   456   000F79                     UEP9            equ	3961	;# 
   457   000F7A                     UEP10           equ	3962	;# 
   458   000F7B                     UEP11           equ	3963	;# 
   459   000F7C                     UEP12           equ	3964	;# 
   460   000F7D                     UEP13           equ	3965	;# 
   461   000F7E                     UEP14           equ	3966	;# 
   462   000F7F                     UEP15           equ	3967	;# 
   463   000F80                     PORTA           equ	3968	;# 
   464   000F81                     PORTB           equ	3969	;# 
   465   000F82                     PORTC           equ	3970	;# 
   466   000F83                     PORTD           equ	3971	;# 
   467   000F84                     PORTE           equ	3972	;# 
   468   000F89                     LATA            equ	3977	;# 
   469   000F8A                     LATB            equ	3978	;# 
   470   000F8B                     LATC            equ	3979	;# 
   471   000F8C                     LATD            equ	3980	;# 
   472   000F8D                     LATE            equ	3981	;# 
   473   000F92                     TRISA           equ	3986	;# 
   474   000F92                     DDRA            equ	3986	;# 
   475   000F93                     TRISB           equ	3987	;# 
   476   000F93                     DDRB            equ	3987	;# 
   477   000F94                     TRISC           equ	3988	;# 
   478   000F94                     DDRC            equ	3988	;# 
   479   000F95                     TRISD           equ	3989	;# 
   480   000F95                     DDRD            equ	3989	;# 
   481   000F96                     TRISE           equ	3990	;# 
   482   000F96                     DDRE            equ	3990	;# 
   483   000F9B                     OSCTUNE         equ	3995	;# 
   484   000F9D                     PIE1            equ	3997	;# 
   485   000F9E                     PIR1            equ	3998	;# 
   486   000F9F                     IPR1            equ	3999	;# 
   487   000FA0                     PIE2            equ	4000	;# 
   488   000FA1                     PIR2            equ	4001	;# 
   489   000FA2                     IPR2            equ	4002	;# 
   490   000FA6                     EECON1          equ	4006	;# 
   491   000FA7                     EECON2          equ	4007	;# 
   492   000FA8                     EEDATA          equ	4008	;# 
   493   000FA9                     EEADR           equ	4009	;# 
   494   000FAB                     RCSTA           equ	4011	;# 
   495   000FAB                     RCSTA1          equ	4011	;# 
   496   000FAC                     TXSTA           equ	4012	;# 
   497   000FAC                     TXSTA1          equ	4012	;# 
   498   000FAD                     TXREG           equ	4013	;# 
   499   000FAD                     TXREG1          equ	4013	;# 
   500   000FAE                     RCREG           equ	4014	;# 
   501   000FAE                     RCREG1          equ	4014	;# 
   502   000FAF                     SPBRG           equ	4015	;# 
   503   000FAF                     SPBRG1          equ	4015	;# 
   504   000FB0                     SPBRGH          equ	4016	;# 
   505   000FB1                     T3CON           equ	4017	;# 
   506   000FB2                     TMR3            equ	4018	;# 
   507   000FB2                     TMR3L           equ	4018	;# 
   508   000FB3                     TMR3H           equ	4019	;# 
   509   000FB4                     CMCON           equ	4020	;# 
   510   000FB5                     CVRCON          equ	4021	;# 
   511   000FB6                     ECCP1AS         equ	4022	;# 
   512   000FB6                     CCP1AS          equ	4022	;# 
   513   000FB7                     ECCP1DEL        equ	4023	;# 
   514   000FB7                     CCP1DEL         equ	4023	;# 
   515   000FB8                     BAUDCON         equ	4024	;# 
   516   000FB8                     BAUDCTL         equ	4024	;# 
   517   000FBA                     CCP2CON         equ	4026	;# 
   518   000FBB                     CCPR2           equ	4027	;# 
   519   000FBB                     CCPR2L          equ	4027	;# 
   520   000FBC                     CCPR2H          equ	4028	;# 
   521   000FBD                     CCP1CON         equ	4029	;# 
   522   000FBD                     ECCP1CON        equ	4029	;# 
   523   000FBE                     CCPR1           equ	4030	;# 
   524   000FBE                     CCPR1L          equ	4030	;# 
   525   000FBF                     CCPR1H          equ	4031	;# 
   526   000FC0                     ADCON2          equ	4032	;# 
   527   000FC1                     ADCON1          equ	4033	;# 
   528   000FC2                     ADCON0          equ	4034	;# 
   529   000FC3                     ADRES           equ	4035	;# 
   530   000FC3                     ADRESL          equ	4035	;# 
   531   000FC4                     ADRESH          equ	4036	;# 
   532   000FC5                     SSPCON2         equ	4037	;# 
   533   000FC6                     SSPCON1         equ	4038	;# 
   534   000FC7                     SSPSTAT         equ	4039	;# 
   535   000FC8                     SSPADD          equ	4040	;# 
   536   000FC9                     SSPBUF          equ	4041	;# 
   537   000FCA                     T2CON           equ	4042	;# 
   538   000FCB                     PR2             equ	4043	;# 
   539   000FCB                     MEMCON          equ	4043	;# 
   540   000FCC                     TMR2            equ	4044	;# 
   541   000FCD                     T1CON           equ	4045	;# 
   542   000FCE                     TMR1            equ	4046	;# 
   543   000FCE                     TMR1L           equ	4046	;# 
   544   000FCF                     TMR1H           equ	4047	;# 
   545   000FD0                     RCON            equ	4048	;# 
   546   000FD1                     WDTCON          equ	4049	;# 
   547   000FD2                     HLVDCON         equ	4050	;# 
   548   000FD2                     LVDCON          equ	4050	;# 
   549   000FD3                     OSCCON          equ	4051	;# 
   550   000FD5                     T0CON           equ	4053	;# 
   551   000FD6                     TMR0            equ	4054	;# 
   552   000FD6                     TMR0L           equ	4054	;# 
   553   000FD7                     TMR0H           equ	4055	;# 
   554   000FD8                     STATUS          equ	4056	;# 
   555   000FD9                     FSR2            equ	4057	;# 
   556   000FD9                     FSR2L           equ	4057	;# 
   557   000FDA                     FSR2H           equ	4058	;# 
   558   000FDB                     PLUSW2          equ	4059	;# 
   559   000FDC                     PREINC2         equ	4060	;# 
   560   000FDD                     POSTDEC2        equ	4061	;# 
   561   000FDE                     POSTINC2        equ	4062	;# 
   562   000FDF                     INDF2           equ	4063	;# 
   563   000FE0                     BSR             equ	4064	;# 
   564   000FE1                     FSR1            equ	4065	;# 
   565   000FE1                     FSR1L           equ	4065	;# 
   566   000FE2                     FSR1H           equ	4066	;# 
   567   000FE3                     PLUSW1          equ	4067	;# 
   568   000FE4                     PREINC1         equ	4068	;# 
   569   000FE5                     POSTDEC1        equ	4069	;# 
   570   000FE6                     POSTINC1        equ	4070	;# 
   571   000FE7                     INDF1           equ	4071	;# 
   572   000FE8                     WREG            equ	4072	;# 
   573   000FE9                     FSR0            equ	4073	;# 
   574   000FE9                     FSR0L           equ	4073	;# 
   575   000FEA                     FSR0H           equ	4074	;# 
   576   000FEB                     PLUSW0          equ	4075	;# 
   577   000FEC                     PREINC0         equ	4076	;# 
   578   000FED                     POSTDEC0        equ	4077	;# 
   579   000FEE                     POSTINC0        equ	4078	;# 
   580   000FEF                     INDF0           equ	4079	;# 
   581   000FF0                     INTCON3         equ	4080	;# 
   582   000FF1                     INTCON2         equ	4081	;# 
   583   000FF2                     INTCON          equ	4082	;# 
   584   000FF3                     PROD            equ	4083	;# 
   585   000FF3                     PRODL           equ	4083	;# 
   586   000FF4                     PRODH           equ	4084	;# 
   587   000FF5                     TABLAT          equ	4085	;# 
   588   000FF6                     TBLPTR          equ	4086	;# 
   589   000FF6                     TBLPTRL         equ	4086	;# 
   590   000FF7                     TBLPTRH         equ	4087	;# 
   591   000FF8                     TBLPTRU         equ	4088	;# 
   592   000FF9                     PCLAT           equ	4089	;# 
   593   000FF9                     PC              equ	4089	;# 
   594   000FF9                     PCL             equ	4089	;# 
   595   000FFA                     PCLATH          equ	4090	;# 
   596   000FFB                     PCLATU          equ	4091	;# 
   597   000FFC                     STKPTR          equ	4092	;# 
   598   000FFD                     TOS             equ	4093	;# 
   599   000FFD                     TOSL            equ	4093	;# 
   600   000FFE                     TOSH            equ	4094	;# 
   601   000FFF                     TOSU            equ	4095	;# 
   602   000F62                     SPPDATA         equ	3938	;# 
   603   000F63                     SPPCFG          equ	3939	;# 
   604   000F64                     SPPEPS          equ	3940	;# 
   605   000F65                     SPPCON          equ	3941	;# 
   606   000F66                     UFRM            equ	3942	;# 
   607   000F66                     UFRML           equ	3942	;# 
   608   000F67                     UFRMH           equ	3943	;# 
   609   000F68                     UIR             equ	3944	;# 
   610   000F69                     UIE             equ	3945	;# 
   611   000F6A                     UEIR            equ	3946	;# 
   612   000F6B                     UEIE            equ	3947	;# 
   613   000F6C                     USTAT           equ	3948	;# 
   614   000F6D                     UCON            equ	3949	;# 
   615   000F6E                     UADDR           equ	3950	;# 
   616   000F6F                     UCFG            equ	3951	;# 
   617   000F70                     UEP0            equ	3952	;# 
   618   000F71                     UEP1            equ	3953	;# 
   619   000F72                     UEP2            equ	3954	;# 
   620   000F73                     UEP3            equ	3955	;# 
   621   000F74                     UEP4            equ	3956	;# 
   622   000F75                     UEP5            equ	3957	;# 
   623   000F76                     UEP6            equ	3958	;# 
   624   000F77                     UEP7            equ	3959	;# 
   625   000F78                     UEP8            equ	3960	;# 
   626   000F79                     UEP9            equ	3961	;# 
   627   000F7A                     UEP10           equ	3962	;# 
   628   000F7B                     UEP11           equ	3963	;# 
   629   000F7C                     UEP12           equ	3964	;# 
   630   000F7D                     UEP13           equ	3965	;# 
   631   000F7E                     UEP14           equ	3966	;# 
   632   000F7F                     UEP15           equ	3967	;# 
   633   000F80                     PORTA           equ	3968	;# 
   634   000F81                     PORTB           equ	3969	;# 
   635   000F82                     PORTC           equ	3970	;# 
   636   000F83                     PORTD           equ	3971	;# 
   637   000F84                     PORTE           equ	3972	;# 
   638   000F89                     LATA            equ	3977	;# 
   639   000F8A                     LATB            equ	3978	;# 
   640   000F8B                     LATC            equ	3979	;# 
   641   000F8C                     LATD            equ	3980	;# 
   642   000F8D                     LATE            equ	3981	;# 
   643   000F92                     TRISA           equ	3986	;# 
   644   000F92                     DDRA            equ	3986	;# 
   645   000F93                     TRISB           equ	3987	;# 
   646   000F93                     DDRB            equ	3987	;# 
   647   000F94                     TRISC           equ	3988	;# 
   648   000F94                     DDRC            equ	3988	;# 
   649   000F95                     TRISD           equ	3989	;# 
   650   000F95                     DDRD            equ	3989	;# 
   651   000F96                     TRISE           equ	3990	;# 
   652   000F96                     DDRE            equ	3990	;# 
   653   000F9B                     OSCTUNE         equ	3995	;# 
   654   000F9D                     PIE1            equ	3997	;# 
   655   000F9E                     PIR1            equ	3998	;# 
   656   000F9F                     IPR1            equ	3999	;# 
   657   000FA0                     PIE2            equ	4000	;# 
   658   000FA1                     PIR2            equ	4001	;# 
   659   000FA2                     IPR2            equ	4002	;# 
   660   000FA6                     EECON1          equ	4006	;# 
   661   000FA7                     EECON2          equ	4007	;# 
   662   000FA8                     EEDATA          equ	4008	;# 
   663   000FA9                     EEADR           equ	4009	;# 
   664   000FAB                     RCSTA           equ	4011	;# 
   665   000FAB                     RCSTA1          equ	4011	;# 
   666   000FAC                     TXSTA           equ	4012	;# 
   667   000FAC                     TXSTA1          equ	4012	;# 
   668   000FAD                     TXREG           equ	4013	;# 
   669   000FAD                     TXREG1          equ	4013	;# 
   670   000FAE                     RCREG           equ	4014	;# 
   671   000FAE                     RCREG1          equ	4014	;# 
   672   000FAF                     SPBRG           equ	4015	;# 
   673   000FAF                     SPBRG1          equ	4015	;# 
   674   000FB0                     SPBRGH          equ	4016	;# 
   675   000FB1                     T3CON           equ	4017	;# 
   676   000FB2                     TMR3            equ	4018	;# 
   677   000FB2                     TMR3L           equ	4018	;# 
   678   000FB3                     TMR3H           equ	4019	;# 
   679   000FB4                     CMCON           equ	4020	;# 
   680   000FB5                     CVRCON          equ	4021	;# 
   681   000FB6                     ECCP1AS         equ	4022	;# 
   682   000FB6                     CCP1AS          equ	4022	;# 
   683   000FB7                     ECCP1DEL        equ	4023	;# 
   684   000FB7                     CCP1DEL         equ	4023	;# 
   685   000FB8                     BAUDCON         equ	4024	;# 
   686   000FB8                     BAUDCTL         equ	4024	;# 
   687   000FBA                     CCP2CON         equ	4026	;# 
   688   000FBB                     CCPR2           equ	4027	;# 
   689   000FBB                     CCPR2L          equ	4027	;# 
   690   000FBC                     CCPR2H          equ	4028	;# 
   691   000FBD                     CCP1CON         equ	4029	;# 
   692   000FBD                     ECCP1CON        equ	4029	;# 
   693   000FBE                     CCPR1           equ	4030	;# 
   694   000FBE                     CCPR1L          equ	4030	;# 
   695   000FBF                     CCPR1H          equ	4031	;# 
   696   000FC0                     ADCON2          equ	4032	;# 
   697   000FC1                     ADCON1          equ	4033	;# 
   698   000FC2                     ADCON0          equ	4034	;# 
   699   000FC3                     ADRES           equ	4035	;# 
   700   000FC3                     ADRESL          equ	4035	;# 
   701   000FC4                     ADRESH          equ	4036	;# 
   702   000FC5                     SSPCON2         equ	4037	;# 
   703   000FC6                     SSPCON1         equ	4038	;# 
   704   000FC7                     SSPSTAT         equ	4039	;# 
   705   000FC8                     SSPADD          equ	4040	;# 
   706   000FC9                     SSPBUF          equ	4041	;# 
   707   000FCA                     T2CON           equ	4042	;# 
   708   000FCB                     PR2             equ	4043	;# 
   709   000FCB                     MEMCON          equ	4043	;# 
   710   000FCC                     TMR2            equ	4044	;# 
   711   000FCD                     T1CON           equ	4045	;# 
   712   000FCE                     TMR1            equ	4046	;# 
   713   000FCE                     TMR1L           equ	4046	;# 
   714   000FCF                     TMR1H           equ	4047	;# 
   715   000FD0                     RCON            equ	4048	;# 
   716   000FD1                     WDTCON          equ	4049	;# 
   717   000FD2                     HLVDCON         equ	4050	;# 
   718   000FD2                     LVDCON          equ	4050	;# 
   719   000FD3                     OSCCON          equ	4051	;# 
   720   000FD5                     T0CON           equ	4053	;# 
   721   000FD6                     TMR0            equ	4054	;# 
   722   000FD6                     TMR0L           equ	4054	;# 
   723   000FD7                     TMR0H           equ	4055	;# 
   724   000FD8                     STATUS          equ	4056	;# 
   725   000FD9                     FSR2            equ	4057	;# 
   726   000FD9                     FSR2L           equ	4057	;# 
   727   000FDA                     FSR2H           equ	4058	;# 
   728   000FDB                     PLUSW2          equ	4059	;# 
   729   000FDC                     PREINC2         equ	4060	;# 
   730   000FDD                     POSTDEC2        equ	4061	;# 
   731   000FDE                     POSTINC2        equ	4062	;# 
   732   000FDF                     INDF2           equ	4063	;# 
   733   000FE0                     BSR             equ	4064	;# 
   734   000FE1                     FSR1            equ	4065	;# 
   735   000FE1                     FSR1L           equ	4065	;# 
   736   000FE2                     FSR1H           equ	4066	;# 
   737   000FE3                     PLUSW1          equ	4067	;# 
   738   000FE4                     PREINC1         equ	4068	;# 
   739   000FE5                     POSTDEC1        equ	4069	;# 
   740   000FE6                     POSTINC1        equ	4070	;# 
   741   000FE7                     INDF1           equ	4071	;# 
   742   000FE8                     WREG            equ	4072	;# 
   743   000FE9                     FSR0            equ	4073	;# 
   744   000FE9                     FSR0L           equ	4073	;# 
   745   000FEA                     FSR0H           equ	4074	;# 
   746   000FEB                     PLUSW0          equ	4075	;# 
   747   000FEC                     PREINC0         equ	4076	;# 
   748   000FED                     POSTDEC0        equ	4077	;# 
   749   000FEE                     POSTINC0        equ	4078	;# 
   750   000FEF                     INDF0           equ	4079	;# 
   751   000FF0                     INTCON3         equ	4080	;# 
   752   000FF1                     INTCON2         equ	4081	;# 
   753   000FF2                     INTCON          equ	4082	;# 
   754   000FF3                     PROD            equ	4083	;# 
   755   000FF3                     PRODL           equ	4083	;# 
   756   000FF4                     PRODH           equ	4084	;# 
   757   000FF5                     TABLAT          equ	4085	;# 
   758   000FF6                     TBLPTR          equ	4086	;# 
   759   000FF6                     TBLPTRL         equ	4086	;# 
   760   000FF7                     TBLPTRH         equ	4087	;# 
   761   000FF8                     TBLPTRU         equ	4088	;# 
   762   000FF9                     PCLAT           equ	4089	;# 
   763   000FF9                     PC              equ	4089	;# 
   764   000FF9                     PCL             equ	4089	;# 
   765   000FFA                     PCLATH          equ	4090	;# 
   766   000FFB                     PCLATU          equ	4091	;# 
   767   000FFC                     STKPTR          equ	4092	;# 
   768   000FFD                     TOS             equ	4093	;# 
   769   000FFD                     TOSL            equ	4093	;# 
   770   000FFE                     TOSH            equ	4094	;# 
   771   000FFF                     TOSU            equ	4095	;# 
   772                           
   773 ;; Function _Tarefa1 is unused but had its address taken
   774   000000                     _Tarefa1        equ	0
   775                           
   776                           ; #config settings
   777                           
   778                           	psect	cinit
   779   000864                     __pcinit:
   780                           	callstack 0
   781   000864                     start_initialization:
   782                           	callstack 0
   783   000864                     __initialization:
   784                           	callstack 0
   785                           
   786                           ; Clear objects allocated to BANK0 (130 bytes)
   787   000864  EE00  F060         	lfsr	0,__pbssBANK0
   788   000868  0E82               	movlw	130
   789   00086A                     clear_0:
   790   00086A  6AEE               	clrf	postinc0,c
   791   00086C  06E8               	decf	wreg,f,c
   792   00086E  E1FD               	bnz	clear_0
   793   000870                     end_of_initialization:
   794                           	callstack 0
   795   000870                     __end_of__initialization:
   796                           	callstack 0
   797   000870  0100               	movlb	0
   798   000872  EF21  F004         	goto	_main	;jump to C main() function
   799                           
   800                           	psect	bssBANK0
   801   000060                     __pbssBANK0:
   802                           	callstack 0
   803   000060                     _rQueue:
   804                           	callstack 0
   805   000060                     	ds	130
   806                           
   807                           	psect	cstackCOMRAM
   808   000001                     __pcstackCOMRAM:
   809                           	callstack 0
   810   000001                     CreateTask@priority:
   811                           	callstack 0
   812   000001                     
   813                           ; 1 bytes @ 0x0
   814   000001                     	ds	1
   815   000002                     CreateTask@task:
   816                           	callstack 0
   817                           
   818                           ; 2 bytes @ 0x1
   819   000002                     	ds	2
   820   000004                     CreateTask@id:
   821                           	callstack 0
   822   000004                     
   823                           ; 1 bytes @ 0x3
   824   000004                     	ds	1
   825   000005                     CreateTask@newTask:
   826                           	callstack 0
   827                           
   828                           ; 32 bytes @ 0x4
   829   000005                     	ds	32
   830   000025                     
   831                           ; 1 bytes @ 0x24
   832 ;;
   833 ;;Main: autosize = 0, tempsize = 0, incstack = 0, save=0
   834 ;;
   835 ;; *************** function _main *****************
   836 ;; Defined at:
   837 ;;		line 4 in file "main.c"
   838 ;; Parameters:    Size  Location     Type
   839 ;;		None
   840 ;; Auto vars:     Size  Location     Type
   841 ;;		None
   842 ;; Return value:  Size  Location     Type
   843 ;;                  2   12[None  ] int 
   844 ;; Registers used:
   845 ;;		wreg, fsr1l, fsr1h, fsr2l, fsr2h, status,2, status,0, prodl, prodh, cstack
   846 ;; Tracked objects:
   847 ;;		On entry : 0/0
   848 ;;		On exit  : 0/0
   849 ;;		Unchanged: 0/0
   850 ;; Data sizes:     COMRAM   BANK0   BANK1   BANK2   BANK3   BANK4   BANK5   BANK6   BANK7
   851 ;;      Params:         0       0       0       0       0       0       0       0       0
   852 ;;      Locals:         0       0       0       0       0       0       0       0       0
   853 ;;      Temps:          0       0       0       0       0       0       0       0       0
   854 ;;      Totals:         0       0       0       0       0       0       0       0       0
   855 ;;Total ram usage:        0 bytes
   856 ;; Hardware stack levels required when called: 2
   857 ;; This function calls:
   858 ;;		_CreateTask
   859 ;;		_OsInit
   860 ;;		_OsStart
   861 ;; This function is called by:
   862 ;;		Startup code after reset
   863 ;; This function uses a non-reentrant model
   864 ;;
   865                           
   866                           	psect	text0
   867   000842                     __ptext0:
   868                           	callstack 0
   869   000842                     _main:
   870                           	callstack 29
   871   000842                     
   872                           ;main.c: 6:     OsInit();
   873   000842  EC3B  F004         	call	_OsInit	;wreg free
   874   000846                     
   875                           ;main.c: 8:     CreateTask(1,3, Tarefa1);
   876   000846  0E03               	movlw	3
   877   000848  6E01               	movwf	CreateTask@priority^0,c
   878   00084A  0E00               	movlw	0
   879   00084C  6E02               	movwf	CreateTask@task^0,c
   880   00084E  0E00               	movlw	0
   881   000850  6E03               	movwf	(CreateTask@task+1)^0,c
   882   000852  0E01               	movlw	1
   883   000854  EC01  F004         	call	_CreateTask
   884   000858                     
   885                           ;main.c: 10:     OsStart();
   886   000858  EC3F  F004         	call	_OsStart	;wreg free
   887   00085C                     l13:
   888   00085C  EF2E  F004         	goto	l13
   889   000860  EFFE  F03F         	goto	start
   890   000864                     __end_of_main:
   891                           	callstack 0
   892                           
   893 ;; *************** function _OsStart *****************
   894 ;; Defined at:
   895 ;;		line 56 in file "kernel.c"
   896 ;; Parameters:    Size  Location     Type
   897 ;;		None
   898 ;; Auto vars:     Size  Location     Type
   899 ;;		None
   900 ;; Return value:  Size  Location     Type
   901 ;;                  1    wreg      void 
   902 ;; Registers used:
   903 ;;		cstack
   904 ;; Tracked objects:
   905 ;;		On entry : 0/0
   906 ;;		On exit  : 0/0
   907 ;;		Unchanged: 0/0
   908 ;; Data sizes:     COMRAM   BANK0   BANK1   BANK2   BANK3   BANK4   BANK5   BANK6   BANK7
   909 ;;      Params:         0       0       0       0       0       0       0       0       0
   910 ;;      Locals:         0       0       0       0       0       0       0       0       0
   911 ;;      Temps:          0       0       0       0       0       0       0       0       0
   912 ;;      Totals:         0       0       0       0       0       0       0       0       0
   913 ;;Total ram usage:        0 bytes
   914 ;; Hardware stack levels used: 1
   915 ;; Hardware stack levels required when called: 1
   916 ;; This function calls:
   917 ;;		_UserConfig
   918 ;; This function is called by:
   919 ;;		_main
   920 ;; This function uses a non-reentrant model
   921 ;;
   922                           
   923                           	psect	text1
   924   00087E                     __ptext1:
   925                           	callstack 0
   926   00087E                     _OsStart:
   927                           	callstack 29
   928   00087E                     
   929                           ;kernel.c: 58:     UserConfig();
   930   00087E  EC42  F004         	call	_UserConfig	;wreg free
   931   000882  0012               	return		;funcret
   932   000884                     __end_of_OsStart:
   933                           	callstack 0
   934                           
   935 ;; *************** function _UserConfig *****************
   936 ;; Defined at:
   937 ;;		line 27 in file "userApp.c"
   938 ;; Parameters:    Size  Location     Type
   939 ;;		None
   940 ;; Auto vars:     Size  Location     Type
   941 ;;		None
   942 ;; Return value:  Size  Location     Type
   943 ;;                  1    wreg      void 
   944 ;; Registers used:
   945 ;;		None
   946 ;; Tracked objects:
   947 ;;		On entry : 0/0
   948 ;;		On exit  : 0/0
   949 ;;		Unchanged: 0/0
   950 ;; Data sizes:     COMRAM   BANK0   BANK1   BANK2   BANK3   BANK4   BANK5   BANK6   BANK7
   951 ;;      Params:         0       0       0       0       0       0       0       0       0
   952 ;;      Locals:         0       0       0       0       0       0       0       0       0
   953 ;;      Temps:          0       0       0       0       0       0       0       0       0
   954 ;;      Totals:         0       0       0       0       0       0       0       0       0
   955 ;;Total ram usage:        0 bytes
   956 ;; Hardware stack levels used: 1
   957 ;; This function calls:
   958 ;;		Nothing
   959 ;; This function is called by:
   960 ;;		_OsStart
   961 ;; This function uses a non-reentrant model
   962 ;;
   963                           
   964                           	psect	text2
   965   000884                     __ptext2:
   966                           	callstack 0
   967   000884                     _UserConfig:
   968                           	callstack 29
   969   000884  0012               	return		;funcret
   970   000886                     __end_of_UserConfig:
   971                           	callstack 0
   972                           
   973 ;; *************** function _OsInit *****************
   974 ;; Defined at:
   975 ;;		line 50 in file "kernel.c"
   976 ;; Parameters:    Size  Location     Type
   977 ;;		None
   978 ;; Auto vars:     Size  Location     Type
   979 ;;		None
   980 ;; Return value:  Size  Location     Type
   981 ;;                  1    wreg      void 
   982 ;; Registers used:
   983 ;;		None
   984 ;; Tracked objects:
   985 ;;		On entry : 0/0
   986 ;;		On exit  : 0/0
   987 ;;		Unchanged: 0/0
   988 ;; Data sizes:     COMRAM   BANK0   BANK1   BANK2   BANK3   BANK4   BANK5   BANK6   BANK7
   989 ;;      Params:         0       0       0       0       0       0       0       0       0
   990 ;;      Locals:         0       0       0       0       0       0       0       0       0
   991 ;;      Temps:          0       0       0       0       0       0       0       0       0
   992 ;;      Totals:         0       0       0       0       0       0       0       0       0
   993 ;;Total ram usage:        0 bytes
   994 ;; Hardware stack levels used: 1
   995 ;; This function calls:
   996 ;;		Nothing
   997 ;; This function is called by:
   998 ;;		_main
   999 ;; This function uses a non-reentrant model
  1000 ;;
  1001                           
  1002                           	psect	text3
  1003   000876                     __ptext3:
  1004                           	callstack 0
  1005   000876                     _OsInit:
  1006                           	callstack 30
  1007   000876                     
  1008                           ;kernel.c: 52:     rQueue.readyQueueSize = 0;
  1009   000876  0100               	movlb	0	; () banked
  1010   000878  6BE1               	clrf	(_rQueue+129)& (0+255),b
  1011                           
  1012                           ;kernel.c: 53:     rQueue.taskRunning = 0;
  1013   00087A  6BE0               	clrf	(_rQueue+128)& (0+255),b
  1014   00087C                     
  1015                           ; BSR set to: 0
  1016   00087C  0012               	return		;funcret
  1017   00087E                     __end_of_OsInit:
  1018                           	callstack 0
  1019                           
  1020 ;; *************** function _CreateTask *****************
  1021 ;; Defined at:
  1022 ;;		line 7 in file "kernel.c"
  1023 ;; Parameters:    Size  Location     Type
  1024 ;;  id              1    wreg     unsigned char 
  1025 ;;  priority        1    0[COMRAM] unsigned char 
  1026 ;;  task            2    1[COMRAM] PTR FTN()void 
  1027 ;;		 -> Tarefa1(1), 
  1028 ;; Auto vars:     Size  Location     Type
  1029 ;;  id              1    3[COMRAM] unsigned char 
  1030 ;;  newTask        32    4[COMRAM] struct tcb
  1031 ;; Return value:  Size  Location     Type
  1032 ;;                  1    wreg      void 
  1033 ;; Registers used:
  1034 ;;		wreg, fsr1l, fsr1h, fsr2l, fsr2h, status,2, status,0, prodl, prodh
  1035 ;; Tracked objects:
  1036 ;;		On entry : 0/0
  1037 ;;		On exit  : 0/0
  1038 ;;		Unchanged: 0/0
  1039 ;; Data sizes:     COMRAM   BANK0   BANK1   BANK2   BANK3   BANK4   BANK5   BANK6   BANK7
  1040 ;;      Params:         3       0       0       0       0       0       0       0       0
  1041 ;;      Locals:        33       0       0       0       0       0       0       0       0
  1042 ;;      Temps:          0       0       0       0       0       0       0       0       0
  1043 ;;      Totals:        36       0       0       0       0       0       0       0       0
  1044 ;;Total ram usage:       36 bytes
  1045 ;; Hardware stack levels used: 1
  1046 ;; This function calls:
  1047 ;;		Nothing
  1048 ;; This function is called by:
  1049 ;;		_main
  1050 ;; This function uses a non-reentrant model
  1051 ;;
  1052                           
  1053                           	psect	text4
  1054   000802                     __ptext4:
  1055                           	callstack 0
  1056   000802                     _CreateTask:
  1057                           	callstack 30
  1058                           
  1059                           ; BSR set to: 0
  1060                           ;incstack = 0
  1061                           ;CreateTask@id stored from wreg
  1062   000802  6E04               	movwf	CreateTask@id^0,c
  1063   000804                     
  1064                           ;kernel.c: 7: void CreateTask(int8 id, int8 priority, fPtr task);kernel.c: 8: {;kernel.c
      +                          : 9:     tcbT newTask;;kernel.c: 11:     newTask.taskId = id;
  1065   000804  C004  F005         	movff	CreateTask@id,CreateTask@newTask
  1066   000808                     
  1067                           ;kernel.c: 12:     newTask.taskPriority = priority;
  1068   000808  C001  F006         	movff	CreateTask@priority,CreateTask@newTask+1
  1069   00080C                     
  1070                           ;kernel.c: 13:     newTask.taskF = task;
  1071   00080C  C002  F008         	movff	CreateTask@task,CreateTask@newTask+3
  1072   000810  C003  F009         	movff	CreateTask@task+1,CreateTask@newTask+4
  1073   000814                     
  1074                           ;kernel.c: 15:     newTask.taskSp = 0;
  1075   000814  6A23               	clrf	(CreateTask@newTask+30)^0,c
  1076   000816                     
  1077                           ;kernel.c: 16:     newTask.timeSleeping = 0;
  1078   000816  6A24               	clrf	(CreateTask@newTask+31)^0,c
  1079   000818                     
  1080                           ;kernel.c: 17:     newTask.taskState = READY;
  1081   000818  6A07               	clrf	(CreateTask@newTask+2)^0,c
  1082   00081A                     
  1083                           ;kernel.c: 19:     newTask.BSRREG = 0x000;
  1084   00081A  6A0C               	clrf	(CreateTask@newTask+7)^0,c
  1085   00081C                     
  1086                           ;kernel.c: 20:     newTask.WREG = 0x000;
  1087   00081C  6A0A               	clrf	(CreateTask@newTask+5)^0,c
  1088   00081E                     
  1089                           ;kernel.c: 21:     newTask.STATUSREG = 0x000;
  1090   00081E  6A0B               	clrf	(CreateTask@newTask+6)^0,c
  1091   000820                     
  1092                           ;kernel.c: 22:     newTask.FSRREG = 0x000;
  1093   000820  6A0D               	clrf	(CreateTask@newTask+8)^0,c
  1094   000822                     
  1095                           ;kernel.c: 24:     rQueue.readyQueue[rQueue.readyQueueSize++] = newTask;
  1096   000822  EE20  F005         	lfsr	2,CreateTask@newTask
  1097   000826  0100               	movlb	0	; () banked
  1098   000828  51E1               	movf	(_rQueue+129)& (0+255),w,b
  1099   00082A  0D20               	mullw	32
  1100   00082C  50F3               	movf	243,w,c
  1101   00082E  0F60               	addlw	low _rQueue
  1102   000830  6EE1               	movwf	fsr1l,c
  1103   000832  6AE2               	clrf	fsr1h,c
  1104   000834  0E1F               	movlw	31
  1105   000836                     u21:
  1106   000836  CFDB FFE3          	movff	plusw2,plusw1
  1107   00083A  06E8               	decf	wreg,f,c
  1108   00083C  E2FC               	bc	u21
  1109   00083E                     
  1110                           ; BSR set to: 0
  1111   00083E  2BE1               	incf	(_rQueue+129)& (0+255),f,b
  1112   000840                     
  1113                           ; BSR set to: 0
  1114   000840  0012               	return		;funcret
  1115   000842                     __end_of_CreateTask:
  1116                           	callstack 0
  1117                           
  1118                           	psect	smallconst
  1119   000800                     __psmallconst:
  1120                           	callstack 0
  1121   000800  00                 	db	0
  1122   000801  00                 	db	0	; dummy byte at the end
  1123   000800                     __smallconst    set	__psmallconst
  1124   000800                     __mediumconst   set	__psmallconst
  1125   000000                     __activetblptr  equ	0
  1126                           
  1127                           	psect	rparam
  1128   000001                     ___rparam_used  equ	1
  1129   000000                     ___param_bank   equ	0
  1130   000000                     __Lparam        equ	__Lrparam
  1131   000000                     __Hparam        equ	__Hrparam
  1132                           tosu	equ	0xFFF
  1133                           tosh	equ	0xFFE
  1134                           tosl	equ	0xFFD
  1135                           stkptr	equ	0xFFC
  1136                           pclatu	equ	0xFFB
  1137                           pclath	equ	0xFFA
  1138                           pcl	equ	0xFF9
  1139                           tblptru	equ	0xFF8
  1140                           tblptrh	equ	0xFF7
  1141                           tblptrl	equ	0xFF6
  1142                           tablat	equ	0xFF5
  1143                           prodh	equ	0xFF4
  1144                           prodl	equ	0xFF3
  1145                           indf0	equ	0xFEF
  1146                           postinc0	equ	0xFEE
  1147                           postdec0	equ	0xFED
  1148                           preinc0	equ	0xFEC
  1149                           plusw0	equ	0xFEB
  1150                           fsr0h	equ	0xFEA
  1151                           fsr0l	equ	0xFE9
  1152                           wreg	equ	0xFE8
  1153                           indf1	equ	0xFE7
  1154                           postinc1	equ	0xFE6
  1155                           postdec1	equ	0xFE5
  1156                           preinc1	equ	0xFE4
  1157                           plusw1	equ	0xFE3
  1158                           fsr1h	equ	0xFE2
  1159                           fsr1l	equ	0xFE1
  1160                           bsr	equ	0xFE0
  1161                           indf2	equ	0xFDF
  1162                           postinc2	equ	0xFDE
  1163                           postdec2	equ	0xFDD
  1164                           preinc2	equ	0xFDC
  1165                           plusw2	equ	0xFDB
  1166                           fsr2h	equ	0xFDA
  1167                           fsr2l	equ	0xFD9
  1168                           status	equ	0xFD8

Data Sizes:
    Strings     0
    Constant    0
    Data        0
    BSS         130
    Persistent  0
    Stack       0

Auto Spaces:
    Space          Size  Autos    Used
    COMRAM           95     36      36
    BANK0           160      0     130
    BANK1           256      0       0
    BANK2           256      0       0
    BANK3           256      0       0
    BANK4           256      0       0
    BANK5           256      0       0
    BANK6           256      0       0
    BANK7           256      0       0

Pointer List with Targets:

    CreateTask@task	PTR FTN()void  size(2) Largest target is 1
		 -> Tarefa1(), 

    newTask$taskF	PTR FTN()void  size(2) Largest target is 1
		 -> Tarefa1(), 

    rQueue$readyQueue$taskF	PTR FTN()void  size(2) Largest target is 1
		 -> Tarefa1(), 

    S55tcb$taskF	PTR FTN()void  size(2) Largest target is 1
		 -> Tarefa1(), 


Critical Paths under _main in COMRAM

    _main->_CreateTask

Critical Paths under _main in BANK0

    None.

Critical Paths under _main in BANK1

    None.

Critical Paths under _main in BANK2

    None.

Critical Paths under _main in BANK3

    None.

Critical Paths under _main in BANK4

    None.

Critical Paths under _main in BANK5

    None.

Critical Paths under _main in BANK6

    None.

Critical Paths under _main in BANK7

    None.

Call Graph Tables:

 ---------------------------------------------------------------------------------
 (Depth) Function   	        Calls       Base Space   Used Autos Params    Refs
 ---------------------------------------------------------------------------------
 (0) _main                                                 0     0      0     314
                         _CreateTask
                             _OsInit
                            _OsStart
 ---------------------------------------------------------------------------------
 (1) _OsStart                                              0     0      0       0
                         _UserConfig
 ---------------------------------------------------------------------------------
 (2) _UserConfig                                           0     0      0       0
 ---------------------------------------------------------------------------------
 (1) _OsInit                                               0     0      0       0
 ---------------------------------------------------------------------------------
 (1) _CreateTask                                          36    33      3     314
                                              0 COMRAM    36    33      3
 ---------------------------------------------------------------------------------
 Estimated maximum stack depth 2
 ---------------------------------------------------------------------------------

 Call Graph Graphs:

 _main (ROOT)
   _CreateTask
   _OsInit
   _OsStart
     _UserConfig

Address spaces:
Name               Size   Autos  Total    Usage
BIGRAM            2047      0       0      0.0%
BITBANK7           256      0       0      0.0%
BANK7              256      0       0      0.0%
BITBANK6           256      0       0      0.0%
BANK6              256      0       0      0.0%
BITBANK5           256      0       0      0.0%
BANK5              256      0       0      0.0%
BITBANK4           256      0       0      0.0%
BANK4              256      0       0      0.0%
BITBANK3           256      0       0      0.0%
BANK3              256      0       0      0.0%
BITBANK2           256      0       0      0.0%
BANK2              256      0       0      0.0%
BITBANK1           256      0       0      0.0%
BANK1              256      0       0      0.0%
BITBIGSFR          160      0       0      0.0%
BITBANK0           160      0       0      0.0%
BANK0              160      0     130     81.2%
BITCOMRAM           95      0       0      0.0%
COMRAM              95     36      36     37.9%
STACK                0      0       0      0.0%
DATA                 0      0     167      0.0%


Microchip Technology PIC18 Macro Assembler V3.00 build 20241204225717 
Symbol Table                                                                                   Mon Apr 07 19:00:04 2025

                     l13 085C                       l14 085C                       l48 0884  
                     l74 087C                       l59 0840                       l77 0882  
                     u21 0836                      l801 080C                      l811 081C  
                    l803 0814                      l813 081E                      l805 0816  
                    l821 0842                      l815 0820                      l807 0818  
                    l823 0846                      l817 0822                      l809 081A  
                    l825 0858                      l819 083E                      l795 0876  
                    l779 087E                      l797 0804                      l799 0808  
                    wreg 0FE8                     _main 0842                     fsr1h 0FE2  
                   fsr1l 0FE1                     prodl 0FF3                     start 7FFC  
           ___param_bank 0000          __end_of_OsStart 0884                    ?_main 0001  
             _CreateTask 0802                    plusw1 0FE3                    plusw2 0FDB  
        __initialization 0864             __end_of_main 0864                   ??_main 0025  
          __activetblptr 0000                ??_OsStart 0001                   _OsInit 0876  
                 _rQueue 0060                   clear_0 086A                   isa$std 0001  
            ?_CreateTask 0001             __mediumconst 0800               _UserConfig 0884  
             __accesstop 0060  __end_of__initialization 0870            ___rparam_used 0001  
         __pcstackCOMRAM 0001           CreateTask@task 0002               __pbssBANK0 0060  
                ?_OsInit 0001              ?_UserConfig 0001                  __Hparam 0000  
                _OsStart 087E                  _Tarefa1 0000                  __Lparam 0000  
           __psmallconst 0800                  __pcinit 0864                  __ramtop 0800  
                __ptext0 0842                  __ptext1 087E                  __ptext2 0884  
                __ptext3 0876                  __ptext4 0802     end_of_initialization 0870  
                postinc0 0FEE        CreateTask@newTask 0005             ??_CreateTask 0004  
     __end_of_CreateTask 0842           __end_of_OsInit 087E      start_initialization 0864  
               ??_OsInit 0001             ??_UserConfig 0001                 ?_OsStart 0001  
     __end_of_UserConfig 0886              __smallconst 0800                 __Hrparam 0000  
               __Lrparam 0000             CreateTask@id 0004                 isa$xinst 0000  
     CreateTask@priority 0001  
